2026-04-15 18:31:15 - INFO - Entorno de datos inicializado correctamente.
2026-04-15 18:31:15 - INFO - Tabla fact_securities creada.
2026-04-15 18:31:15 - INFO -  Iniciando Carga Histórica para los activos: ['USDMXN.FIX', 'UDIMXN.SPOT', 'MXN.TPFB', 'MXN.TIIE-1D']
2026-04-15 18:31:15 - INFO - Procesando USDMXN.FIX (SF43718)...
2026-04-15 18:31:16 - INFO - HTTP Request: GET https://www.banxico.org.mx/SieAPIRest/service/v1/series/SF43718/datos/2025-01-01/2026-04-15 "HTTP/1.1 200 OK"
2026-04-15 18:31:16 - INFO -    Éxito: 321 registros insertados.
2026-04-15 18:31:16 - INFO - Procesando MXN.TIIE-1D (SF331451)...
2026-04-15 18:31:16 - INFO - HTTP Request: GET https://www.banxico.org.mx/SieAPIRest/service/v1/series/SF331451/datos/2025-01-01/2026-04-15 "HTTP/1.1 200 OK"
2026-04-15 18:31:16 - INFO -    Éxito: 320 registros insertados.
2026-04-15 18:31:16 - INFO - Procesando UDIMXN.SPOT (SP68257)...
2026-04-15 18:31:16 - INFO - HTTP Request: GET https://www.banxico.org.mx/SieAPIRest/service/v1/series/SP68257/datos/2025-01-01/2026-04-15 "HTTP/1.1 200 OK"
2026-04-15 18:31:16 - INFO -    Éxito: 470 registros insertados.
2026-04-15 18:31:16 - INFO - Procesando MXN.TPFB (SF43773)...
2026-04-15 18:31:17 - INFO - HTTP Request: GET https://www.banxico.org.mx/SieAPIRest/service/v1/series/SF43773/datos/2025-01-01/2026-04-15 "HTTP/1.1 200 OK"
2026-04-15 18:31:17 - INFO -    Éxito: 320 registros insertados.
2026-04-15 18:31:17 - INFO -          date series_id security_name    value                 updated_at
0  2025-01-02   SF43718    USDMXN.FIX  20.6917 2026-04-15 18:31:16.116558
1  2025-01-03   SF43718    USDMXN.FIX  20.6708 2026-04-15 18:31:16.116558
2  2025-01-06   SF43718    USDMXN.FIX  20.3195 2026-04-15 18:31:16.116558
3  2025-01-07   SF43718    USDMXN.FIX  20.3440 2026-04-15 18:31:16.116558
4  2025-01-08   SF43718    USDMXN.FIX  20.3823 2026-04-15 18:31:16.116558
2026-04-15 18:31:17 - INFO - Iniciando Carga Diaria Incremental para: ['USDMXN.FIX', 'UDIMXN.SPOT', 'MXN.TPFB', 'MXN.TIIE-1D']
2026-04-15 18:31:17 - INFO - HTTP Request: GET https://www.banxico.org.mx/SieAPIRest/service/v1/series/SF43718/datos/oportuno "HTTP/1.1 200 OK"
2026-04-15 18:31:17 - INFO -  Éxito: Registro 2026-04-15 guardado en s3_datalake/incremental/raw_inc_SF43718_20260415.parquet e insertado en DB.
2026-04-15 18:31:17 - INFO - HTTP Request: GET https://www.banxico.org.mx/SieAPIRest/service/v1/series/SF331451/datos/oportuno "HTTP/1.1 200 OK"
2026-04-15 18:31:17 - INFO -  Éxito: Registro 2026-04-14 guardado en s3_datalake/incremental/raw_inc_SF331451_20260415.parquet e insertado en DB.
2026-04-15 18:31:18 - INFO - HTTP Request: GET https://www.banxico.org.mx/SieAPIRest/service/v1/series/SP68257/datos/oportuno "HTTP/1.1 200 OK"
2026-04-15 18:31:18 - INFO -  Éxito: Registro 2026-04-25 guardado en s3_datalake/incremental/raw_inc_SP68257_20260415.parquet e insertado en DB.
2026-04-15 18:31:18 - INFO - HTTP Request: GET https://www.banxico.org.mx/SieAPIRest/service/v1/series/SF43773/datos/oportuno "HTTP/1.1 200 OK"
2026-04-15 18:31:18 - INFO -  Éxito: Registro 2026-04-14 guardado en s3_datalake/incremental/raw_inc_SF43773_20260415.parquet e insertado en DB.
2026-04-15 18:31:18 - INFO - Reporte generado exitosamente.
2026-04-15 18:31:18 - INFO - Ubicación: s3_datalake/report/reporte_validacion_20260415183118.csv
2026-04-16 12:04:52 - INFO -  Iniciando Carga Histórica para los activos: ['USDMXN.FIX', 'UDIMXN.SPOT', 'MXN.TPFB', 'MXN.TIIE-1D']
2026-04-16 12:04:52 - INFO - Procesando USDMXN.FIX (SF43718)...
2026-04-16 12:04:53 - INFO - HTTP Request: GET https://www.banxico.org.mx/SieAPIRest/service/v1/series/SF43718/datos/2025-01-01/2026-04-16 "HTTP/1.1 200 OK"
2026-04-16 12:04:53 - INFO -    Éxito: 321 registros insertados.
2026-04-16 12:04:53 - INFO - Procesando MXN.TIIE-1D (SF331451)...
2026-04-16 12:04:54 - INFO - HTTP Request: GET https://www.banxico.org.mx/SieAPIRest/service/v1/series/SF331451/datos/2025-01-01/2026-04-16 "HTTP/1.1 200 OK"
2026-04-16 12:04:54 - INFO -    Éxito: 321 registros insertados.
2026-04-16 12:04:54 - INFO - Procesando UDIMXN.SPOT (SP68257)...
2026-04-16 12:04:54 - INFO - HTTP Request: GET https://www.banxico.org.mx/SieAPIRest/service/v1/series/SP68257/datos/2025-01-01/2026-04-16 "HTTP/1.1 200 OK"
2026-04-16 12:04:54 - INFO -    Éxito: 471 registros insertados.
2026-04-16 12:04:54 - INFO - Procesando MXN.TPFB (SF43773)...
2026-04-16 12:04:54 - INFO - HTTP Request: GET https://www.banxico.org.mx/SieAPIRest/service/v1/series/SF43773/datos/2025-01-01/2026-04-16 "HTTP/1.1 200 OK"
2026-04-16 12:04:54 - INFO -    Éxito: 321 registros insertados.
2026-04-16 12:09:02 - INFO - Iniciando Carga Histórica para los activos: ['USDMXN.FIX', 'UDIMXN.SPOT', 'MXN.TPFB', 'MXN.TIIE-1D']
2026-04-16 12:09:02 - INFO - Procesando USDMXN.FIX (SF43718)...
2026-04-16 12:09:02 - INFO - HTTP Request: GET https://www.banxico.org.mx/SieAPIRest/service/v1/series/SF43718/datos/2025-01-01/2026-04-16 "HTTP/1.1 200 OK"
2026-04-16 12:09:02 - INFO -    Éxito: 321 registros insertados.
2026-04-16 12:09:02 - INFO - Procesando MXN.TIIE-1D (SF331451)...
2026-04-16 12:09:03 - INFO - HTTP Request: GET https://www.banxico.org.mx/SieAPIRest/service/v1/series/SF331451/datos/2025-01-01/2026-04-16 "HTTP/1.1 200 OK"
2026-04-16 12:09:03 - INFO -    Éxito: 321 registros insertados.
2026-04-16 12:09:03 - INFO - Procesando UDIMXN.SPOT (SP68257)...
2026-04-16 12:09:03 - INFO - HTTP Request: GET https://www.banxico.org.mx/SieAPIRest/service/v1/series/SP68257/datos/2025-01-01/2026-04-16 "HTTP/1.1 200 OK"
2026-04-16 12:09:03 - INFO -    Éxito: 471 registros insertados.
2026-04-16 12:09:03 - INFO - Procesando MXN.TPFB (SF43773)...
2026-04-16 12:09:03 - INFO - HTTP Request: GET https://www.banxico.org.mx/SieAPIRest/service/v1/series/SF43773/datos/2025-01-01/2026-04-16 "HTTP/1.1 200 OK"
2026-04-16 12:09:03 - INFO -    Éxito: 321 registros insertados.
