2026-04-16 14:35:59 - INFO - Sistema de logging profesional inicializado.
2026-04-16 14:36:00 - INFO - Conexión a DuckDB establecida y activa.
2026-04-16 14:36:00 - INFO - Entorno de datos inicializado correctamente.
2026-04-16 14:36:03 - INFO - Tablas creadas.
2026-04-16 14:36:05 - INFO - Iniciando Carga Histórica para los activos: ['USDMXN.FIX', 'UDIMXN.SPOT', 'MXN.TPFB', 'MXN.TIIE-1D']
2026-04-16 14:36:05 - INFO - Procesando USDMXN.FIX (SF43718)...
2026-04-16 14:36:06 - INFO -    Éxito: 322 registros insertados.
2026-04-16 14:36:06 - INFO - Procesando MXN.TIIE-1D (SF331451)...
2026-04-16 14:36:06 - INFO -    Éxito: 321 registros insertados.
2026-04-16 14:36:06 - INFO - Procesando UDIMXN.SPOT (SP68257)...
2026-04-16 14:36:07 - INFO -    Éxito: 471 registros insertados.
2026-04-16 14:36:07 - INFO - Procesando MXN.TPFB (SF43773)...
2026-04-16 14:36:07 - INFO -    Éxito: 321 registros insertados.
2026-04-16 14:36:25 - INFO - Iniciando Carga Diaria Incremental para: ['USDMXN.FIX', 'UDIMXN.SPOT', 'MXN.TPFB', 'MXN.TIIE-1D']
2026-04-16 14:36:26 - INFO -  Éxito: Registro 2026-04-16 guardado en s3_datalake/raw/USDMXN.FIX/2026-04-16/raw.parquet e insertado en DB.
2026-04-16 14:36:26 - INFO -  Éxito: Registro 2026-04-15 guardado en s3_datalake/raw/MXN.TIIE-1D/2026-04-16/raw.parquet e insertado en DB.
2026-04-16 14:36:27 - INFO -   UDIMXN.SPOT: 0 registros vigentes al 2026-04-16 (se descartaron fechas futuras)
2026-04-16 14:36:27 - INFO -   UDIMXN.SPOT: sin valores nuevos para hoy
2026-04-16 14:36:27 - INFO -  Éxito: Registro 2026-04-15 guardado en s3_datalake/raw/MXN.TPFB/2026-04-16/raw.parquet e insertado en DB.
2026-04-16 14:36:31 - INFO - Reporte generado exitosamente.
2026-04-16 14:36:31 - INFO - Ubicación: report/reporte_validacion_20260416143631.csv
2026-04-16 14:39:34 - INFO - Iniciando Carga Diaria Incremental para: ['USDMXN.FIX', 'UDIMXN.SPOT', 'MXN.TPFB', 'MXN.TIIE-1D']
2026-04-16 14:39:35 - INFO -  Éxito: Registro 2026-04-16 guardado en s3_datalake/raw/USDMXN.FIX/2026-04-16/raw.parquet e insertado en DB.
2026-04-16 14:39:35 - INFO -  Éxito: Registro 2026-04-15 guardado en s3_datalake/raw/MXN.TIIE-1D/2026-04-16/raw.parquet e insertado en DB.
2026-04-16 14:39:36 - INFO -   UDIMXN.SPOT: 0 registros vigentes al 2026-04-16 (se descartaron fechas futuras)
2026-04-16 14:39:36 - INFO -   UDIMXN.SPOT: sin valores nuevos para hoy
2026-04-16 14:39:36 - INFO -  Éxito: Registro 2026-04-15 guardado en s3_datalake/raw/MXN.TPFB/2026-04-16/raw.parquet e insertado en DB.
2026-04-16 14:40:35 - INFO - Iniciando Carga Diaria Incremental para: ['USDMXN.FIX', 'UDIMXN.SPOT', 'MXN.TPFB', 'MXN.TIIE-1D']
2026-04-16 14:40:36 - INFO -  Éxito: Registro 2026-04-16 guardado en s3_datalake/raw/USDMXN.FIX/2026-04-16/raw_inc.parquet e insertado en DB.
2026-04-16 14:40:36 - INFO -  Éxito: Registro 2026-04-15 guardado en s3_datalake/raw/MXN.TIIE-1D/2026-04-16/raw_inc.parquet e insertado en DB.
2026-04-16 14:40:36 - INFO -   UDIMXN.SPOT: 0 registros vigentes al 2026-04-16 (se descartaron fechas futuras)
2026-04-16 14:40:36 - INFO -   UDIMXN.SPOT: sin valores nuevos para hoy
2026-04-16 14:40:37 - INFO -  Éxito: Registro 2026-04-15 guardado en s3_datalake/raw/MXN.TPFB/2026-04-16/raw_inc.parquet e insertado en DB.
